0 info it worked if it ends with ok
1 verbose cli [ '/usr/local/bin/node', '/usr/local/bin/npm', 'start' ]
2 info using npm@3.10.3
3 info using node@v6.4.0
4 verbose run-script [ 'prestart', 'start', 'poststart' ]
5 info lifecycle Angular2@1.0.0~prestart: Angular2@1.0.0
6 verbose lifecycle Angular2@1.0.0~prestart: unsafe-perm in lifecycle true
7 verbose lifecycle Angular2@1.0.0~prestart: PATH: /usr/local/lib/node_modules/npm/bin/node-gyp-bin:/home/likewise-open/FRAMGIA/tran.van.trinh/projects/angular-2/node_modules/.bin:/usr/local/bin:/home/likewise-open/FRAMGIA/tran.van.trinh/.rbenv/plugins/ruby-build/bin:/home/likewise-open/FRAMGIA/tran.van.trinh/.rbenv/shims:/home/likewise-open/FRAMGIA/tran.van.trinh/.rbenv/bin:/usr/local/sbin:/usr/local/bin:/usr/sbin:/usr/bin:/sbin:/bin:/usr/games:/usr/local/games:/home/likewise-open/FRAMGIA/tran.van.trinh/.rvm/bin:/home/likewise-open/FRAMGIA/tran.van.trinh/.rvm/bin
8 verbose lifecycle Angular2@1.0.0~prestart: CWD: /home/likewise-open/FRAMGIA/tran.van.trinh/projects/angular-2
9 silly lifecycle Angular2@1.0.0~prestart: Args: [ '-c', 'npm install' ]
10 silly lifecycle Angular2@1.0.0~prestart: Returned: code: 0  signal: null
11 info lifecycle Angular2@1.0.0~start: Angular2@1.0.0
12 verbose lifecycle Angular2@1.0.0~start: unsafe-perm in lifecycle true
13 verbose lifecycle Angular2@1.0.0~start: PATH: /usr/local/lib/node_modules/npm/bin/node-gyp-bin:/home/likewise-open/FRAMGIA/tran.van.trinh/projects/angular-2/node_modules/.bin:/usr/local/bin:/home/likewise-open/FRAMGIA/tran.van.trinh/.rbenv/plugins/ruby-build/bin:/home/likewise-open/FRAMGIA/tran.van.trinh/.rbenv/shims:/home/likewise-open/FRAMGIA/tran.van.trinh/.rbenv/bin:/usr/local/sbin:/usr/local/bin:/usr/sbin:/usr/bin:/sbin:/bin:/usr/games:/usr/local/games:/home/likewise-open/FRAMGIA/tran.van.trinh/.rvm/bin:/home/likewise-open/FRAMGIA/tran.van.trinh/.rvm/bin
14 verbose lifecycle Angular2@1.0.0~start: CWD: /home/likewise-open/FRAMGIA/tran.van.trinh/projects/angular-2
15 silly lifecycle Angular2@1.0.0~start: Args: [ '-c', 'tsc && concurrently "tsc -w" "lite-server" ' ]
16 silly lifecycle Angular2@1.0.0~start: Returned: code: 2  signal: null
17 info lifecycle Angular2@1.0.0~start: Failed to exec start script
18 verbose stack Error: Angular2@1.0.0 start: `tsc && concurrently "tsc -w" "lite-server" `
18 verbose stack Exit status 2
18 verbose stack     at EventEmitter.<anonymous> (/usr/local/lib/node_modules/npm/lib/utils/lifecycle.js:242:16)
18 verbose stack     at emitTwo (events.js:106:13)
18 verbose stack     at EventEmitter.emit (events.js:191:7)
18 verbose stack     at ChildProcess.<anonymous> (/usr/local/lib/node_modules/npm/lib/utils/spawn.js:40:14)
18 verbose stack     at emitTwo (events.js:106:13)
18 verbose stack     at ChildProcess.emit (events.js:191:7)
18 verbose stack     at maybeClose (internal/child_process.js:852:16)
18 verbose stack     at Process.ChildProcess._handle.onexit (internal/child_process.js:215:5)
19 verbose pkgid Angular2@1.0.0
20 verbose cwd /home/likewise-open/FRAMGIA/tran.van.trinh/projects/angular-2
21 error Linux 4.2.0-27-generic
22 error argv "/usr/local/bin/node" "/usr/local/bin/npm" "start"
23 error node v6.4.0
24 error npm  v3.10.3
25 error code ELIFECYCLE
26 error Angular2@1.0.0 start: `tsc && concurrently "tsc -w" "lite-server" `
26 error Exit status 2
27 error Failed at the Angular2@1.0.0 start script 'tsc && concurrently "tsc -w" "lite-server" '.
27 error Make sure you have the latest version of node.js and npm installed.
27 error If you do, this is most likely a problem with the Angular2 package,
27 error not with npm itself.
27 error Tell the author that this fails on your system:
27 error     tsc && concurrently "tsc -w" "lite-server"
27 error You can get information on how to open an issue for this project with:
27 error     npm bugs Angular2
27 error Or if that isn't available, you can get their info via:
27 error     npm owner ls Angular2
27 error There is likely additional logging output above.
28 verbose exit [ 1, true ]
